
SQL*Plus: Release 10.2.0.1.0 - Production on 星期四 6月 14 15:14:30 2012

Copyright (c) 1982, 2005, Oracle.  All rights reserved.


连接到: 
Oracle9i Enterprise Edition Release 9.2.0.1.0 - Production
With the Partitioning, OLAP and Oracle Data Mining options
JServer Release 9.2.0.1.0 - Production


用户已创建。


授权成功。

已连接。

函数已创建。


函数已创建。


函数已创建。


函数已创建。


函数已创建。


函数已创建。


函数已创建。


函数已创建。


函数已创建。


函数已创建。

DROP TABLE SYS_VER
           *
第 1 行出现错误:
ORA-00942: 表或视图不存在



表已创建。

DROP TABLE LOG
           *
第 1 行出现错误:
ORA-00942: 表或视图不存在



表已创建。


索引已创建。

DROP TABLE SSN
           *
第 1 行出现错误:
ORA-00942: 表或视图不存在



表已创建。

DROP TABLE RT
           *
第 1 行出现错误:
ORA-00942: 表或视图不存在



表已创建。


索引已创建。

DROP TABLE ENT
           *
第 1 行出现错误:
ORA-00942: 表或视图不存在



表已创建。

DROP TABLE ENT_AUTHMODE
           *
第 1 行出现错误:
ORA-00942: 表或视图不存在



表已创建。

DROP TABLE ENT_RT
           *
第 1 行出现错误:
ORA-00942: 表或视图不存在



表已创建。

DROP TABLE USR_ALIAS
           *
第 1 行出现错误:
ORA-00942: 表或视图不存在



表已创建。


索引已创建。


索引已创建。

DROP TABLE USR
           *
第 1 行出现错误:
ORA-00942: 表或视图不存在



表已创建。


索引已创建。


索引已创建。

DROP TABLE USR_AUTHMODE
           *
第 1 行出现错误:
ORA-00942: 表或视图不存在



表已创建。


索引已创建。


索引已创建。

DROP TABLE USR_RT
           *
第 1 行出现错误:
ORA-00942: 表或视图不存在



表已创建。

DROP TABLE USR_USR
           *
第 1 行出现错误:
ORA-00942: 表或视图不存在



表已创建。

DROP TABLE USR_LoginLimit
           *
第 1 行出现错误:
ORA-00942: 表或视图不存在



表已创建。

DROP TABLE ORG
           *
第 1 行出现错误:
ORA-00942: 表或视图不存在



表已创建。


索引已创建。


索引已创建。


索引已创建。

DROP TABLE ORG_EX
           *
第 1 行出现错误:
ORA-00942: 表或视图不存在



表已创建。

DROP TABLE ORG_ROOT_SORT
           *
第 1 行出现错误:
ORA-00942: 表或视图不存在



表已创建。

DROP TABLE ORG_SORT
           *
第 1 行出现错误:
ORA-00942: 表或视图不存在



表已创建。

DROP TABLE ORG_SORT_RELATION
           *
第 1 行出现错误:
ORA-00942: 表或视图不存在



表已创建。

DROP TABLE ORG_RT_RELATION
           *
第 1 行出现错误:
ORA-00942: 表或视图不存在



表已创建。

DROP TABLE ORG_RT
           *
第 1 行出现错误:
ORA-00942: 表或视图不存在



表已创建。

DROP TABLE ORG_RT_All
           *
第 1 行出现错误:
ORA-00942: 表或视图不存在



表已创建。

DROP TABLE ORG_USR
           *
第 1 行出现错误:
ORA-00942: 表或视图不存在



表已创建。


索引已创建。

DROP TABLE ORG_COMMON
           *
第 1 行出现错误:
ORA-00942: 表或视图不存在



表已创建。

DROP TABLE ORG_DEPT
           *
第 1 行出现错误:
ORA-00942: 表或视图不存在



表已创建。

DROP TABLE SMS_MP
           *
第 1 行出现错误:
ORA-00942: 表或视图不存在



表已创建。

DROP TABLE SMS_SERVER
           *
第 1 行出现错误:
ORA-00942: 表或视图不存在



表已创建。

DROP VIEW V_USR
*
第 1 行出现错误:
ORA-00942: 表或视图不存在



视图已创建。

DROP VIEW V_ORG_USR
*
第 1 行出现错误:
ORA-00942: 表或视图不存在



视图已创建。

DROP TABLE RepDemandApp
           *
第 1 行出现错误:
ORA-00942: 表或视图不存在



表已创建。

DROP TABLE RepDemandApp_Dtl
           *
第 1 行出现错误:
ORA-00942: 表或视图不存在



表已创建。

DROP TABLE REP_LIST
           *
第 1 行出现错误:
ORA-00942: 表或视图不存在



表已创建。

DROP TABLE REP_RT
           *
第 1 行出现错误:
ORA-00942: 表或视图不存在



表已创建。

DROP TABLE REP_RT_admin
           *
第 1 行出现错误:
ORA-00942: 表或视图不存在



表已创建。

DROP TABLE SMS_SENDLIST
           *
第 1 行出现错误:
ORA-00942: 表或视图不存在



表已创建。

DROP TABLE SMS_HISTORY
           *
第 1 行出现错误:
ORA-00942: 表或视图不存在



表已创建。

DROP TABLE SMS_STATEREPORT
           *
第 1 行出现错误:
ORA-00942: 表或视图不存在



表已创建。


索引已创建。

DROP TABLE SMS_CHARGEMODE
           *
第 1 行出现错误:
ORA-00942: 表或视图不存在



表已创建。

DROP TABLE SMS_CHARGEMODE_Dtl
           *
第 1 行出现错误:
ORA-00942: 表或视图不存在



表已创建。


索引已创建。

DROP TABLE SMS_ORGINFO
           *
第 1 行出现错误:
ORA-00942: 表或视图不存在



表已创建。

DROP TABLE SMS_ORGINFO_Dtl
           *
第 1 行出现错误:
ORA-00942: 表或视图不存在



表已创建。


索引已创建。

DROP TABLE SMS_NONCECHARGE
           *
第 1 行出现错误:
ORA-00942: 表或视图不存在



表已创建。


索引已创建。

DROP TABLE SMS_NONCECHARGE_Dtl
           *
第 1 行出现错误:
ORA-00942: 表或视图不存在



表已创建。


索引已创建。

DROP TABLE SMS_PLUSCHARGE
           *
第 1 行出现错误:
ORA-00942: 表或视图不存在



表已创建。

DROP TABLE SMS_BILLINFO
           *
第 1 行出现错误:
ORA-00942: 表或视图不存在



表已创建。

DROP TABLE SMS_ACCOUNT
           *
第 1 行出现错误:
ORA-00942: 表或视图不存在



表已创建。

DROP TABLE SMS_CHANNEL
           *
第 1 行出现错误:
ORA-00942: 表或视图不存在



表已创建。

DROP TABLE SMS_RULE
           *
第 1 行出现错误:
ORA-00942: 表或视图不存在



表已创建。

DROP TABLE SMS_Order
           *
第 1 行出现错误:
ORA-00942: 表或视图不存在



表已创建。

DROP TABLE SMS_Order_Dtl
           *
第 1 行出现错误:
ORA-00942: 表或视图不存在



表已创建。


视图已创建。

drop table WF_Model
           *
第 1 行出现错误:
ORA-00942: 表或视图不存在



表已创建。

drop table WF_Task_Define
           *
第 1 行出现错误:
ORA-00942: 表或视图不存在



表已创建。

drop table WF_Task_Define_Exec
           *
第 1 行出现错误:
ORA-00942: 表或视图不存在



表已创建。

drop table WF_Task_Define_Condition
           *
第 1 行出现错误:
ORA-00942: 表或视图不存在



表已创建。

drop table WF_RT
           *
第 1 行出现错误:
ORA-00942: 表或视图不存在



表已创建。

drop table WF_Flow
           *
第 1 行出现错误:
ORA-00942: 表或视图不存在



表已创建。

drop table WF_Task
           *
第 1 行出现错误:
ORA-00942: 表或视图不存在



表已创建。


索引已创建。

drop table WF_Task_History
           *
第 1 行出现错误:
ORA-00942: 表或视图不存在



表已创建。


索引已创建。

drop view v_WF_Task
*
第 1 行出现错误:
ORA-00942: 表或视图不存在



视图已创建。

drop table Doc
           *
第 1 行出现错误:
ORA-00942: 表或视图不存在



表已创建。


索引已创建。


索引已创建。

drop table Doc_Read
           *
第 1 行出现错误:
ORA-00942: 表或视图不存在



表已创建。

drop table Doc_ATTACH
           *
第 1 行出现错误:
ORA-00942: 表或视图不存在



表已创建。

drop table Doc_SORT
           *
第 1 行出现错误:
ORA-00942: 表或视图不存在



表已创建。

drop table Doc_RT
           *
第 1 行出现错误:
ORA-00942: 表或视图不存在



表已创建。

drop table Discuss
           *
第 1 行出现错误:
ORA-00942: 表或视图不存在



表已创建。


索引已创建。


索引已创建。

drop table Discuss_Actor
           *
第 1 行出现错误:
ORA-00942: 表或视图不存在



表已创建。

drop table Discuss_Actor_Dtl
           *
第 1 行出现错误:
ORA-00942: 表或视图不存在



表已创建。

drop table Discuss_Actor_Attach
           *
第 1 行出现错误:
ORA-00942: 表或视图不存在



表已创建。

drop table DiscussSort
           *
第 1 行出现错误:
ORA-00942: 表或视图不存在



表已创建。

DROP TABLE BBS
           *
第 1 行出现错误:
ORA-00942: 表或视图不存在



表已创建。


索引已创建。


索引已创建。


索引已创建。

DROP TABLE BBS_ATTACH
           *
第 1 行出现错误:
ORA-00942: 表或视图不存在



表已创建。

drop table BBS_Group
           *
第 1 行出现错误:
ORA-00942: 表或视图不存在



表已创建。

DROP TABLE BBS_SORT
           *
第 1 行出现错误:
ORA-00942: 表或视图不存在



表已创建。

DROP TABLE BBS_RT
           *
第 1 行出现错误:
ORA-00942: 表或视图不存在



表已创建。

DROP TABLE VOTE_PROJECT
           *
第 1 行出现错误:
ORA-00942: 表或视图不存在



表已创建。

DROP TABLE VOTE_ITEM
           *
第 1 行出现错误:
ORA-00942: 表或视图不存在



表已创建。

DROP TABLE VOTE_ITEM_ANSWER
           *
第 1 行出现错误:
ORA-00942: 表或视图不存在



表已创建。

DROP TABLE VOTE_USR
           *
第 1 行出现错误:
ORA-00942: 表或视图不存在



表已创建。

DROP TABLE VOTE_ATTACH
           *
第 1 行出现错误:
ORA-00942: 表或视图不存在



表已创建。

DROP TABLE VOTE
           *
第 1 行出现错误:
ORA-00942: 表或视图不存在



表已创建。

DROP TABLE VOTE_COMMENT
           *
第 1 行出现错误:
ORA-00942: 表或视图不存在



表已创建。

DROP TABLE Mail
           *
第 1 行出现错误:
ORA-00942: 表或视图不存在



表已创建。


索引已创建。


索引已创建。


索引已创建。

DROP TABLE Mail_Receiver
           *
第 1 行出现错误:
ORA-00942: 表或视图不存在



表已创建。


索引已创建。

DROP TABLE Mail_Out
           *
第 1 行出现错误:
ORA-00942: 表或视图不存在



表已创建。


索引已创建。

DROP TABLE Mail_In
           *
第 1 行出现错误:
ORA-00942: 表或视图不存在



表已创建。


索引已创建。


索引已创建。

DROP TABLE Mail_Attach
           *
第 1 行出现错误:
ORA-00942: 表或视图不存在



表已创建。

DROP TABLE Mail_Config
           *
第 1 行出现错误:
ORA-00942: 表或视图不存在



表已创建。


索引已创建。

Drop table KMS_Point
           *
第 1 行出现错误:
ORA-00942: 表或视图不存在



表已创建。


索引已创建。


索引已创建。

Drop table KMS_Point_Attach
           *
第 1 行出现错误:
ORA-00942: 表或视图不存在



表已创建。

Drop table KMS_Sort
           *
第 1 行出现错误:
ORA-00942: 表或视图不存在



表已创建。


索引已创建。


索引已创建。

Drop table KMS_SortIndex
           *
第 1 行出现错误:
ORA-00942: 表或视图不存在



表已创建。

Drop table KMS_RT
           *
第 1 行出现错误:
ORA-00942: 表或视图不存在



表已创建。

Drop table KMS_PointCount
           *
第 1 行出现错误:
ORA-00942: 表或视图不存在



表已创建。

Drop table KMS_InitializeSet
           *
第 1 行出现错误:
ORA-00942: 表或视图不存在



表已创建。

DROP TABLE WORKLOG
           *
第 1 行出现错误:
ORA-00942: 表或视图不存在



表已创建。


索引已创建。


索引已创建。

DROP TABLE WORKLOG_DTL
           *
第 1 行出现错误:
ORA-00942: 表或视图不存在



表已创建。

DROP TABLE WorkLog_Dtl_Ex
           *
第 1 行出现错误:
ORA-00942: 表或视图不存在



表已创建。


索引已创建。

DROP TABLE WORKLOG_FILLRT
           *
第 1 行出现错误:
ORA-00942: 表或视图不存在



表已创建。

DROP TABLE WORKLOG_VIEWRT
           *
第 1 行出现错误:
ORA-00942: 表或视图不存在



表已创建。

DROP TABLE WORKLOG_Config
           *
第 1 行出现错误:
ORA-00942: 表或视图不存在



表已创建。

drop view v_workrt
*
第 1 行出现错误:
ORA-00942: 表或视图不存在



视图已创建。

DROP VIEW v_Worklog_Config
*
第 1 行出现错误:
ORA-00942: 表或视图不存在



视图已创建。

DROP TABLE WORKLOG_CommentRT
           *
第 1 行出现错误:
ORA-00942: 表或视图不存在



表已创建。

DROP TABLE HR_EMP
           *
第 1 行出现错误:
ORA-00942: 表或视图不存在



表已创建。


索引已创建。


索引已创建。

DROP TABLE HR_WORKXP
           *
第 1 行出现错误:
ORA-00942: 表或视图不存在



表已创建。

DROP TABLE HR_EDUCATIONXP
           *
第 1 行出现错误:
ORA-00942: 表或视图不存在



表已创建。

DROP TABLE HR_FAMILY
           *
第 1 行出现错误:
ORA-00942: 表或视图不存在



表已创建。

DROP TABLE HR_TRAIN
           *
第 1 行出现错误:
ORA-00942: 表或视图不存在



表已创建。

DROP TABLE HR_VACATION
           *
第 1 行出现错误:
ORA-00942: 表或视图不存在



表已创建。

DROP TABLE HR_REWARD
           *
第 1 行出现错误:
ORA-00942: 表或视图不存在



表已创建。

DROP TABLE HR_CONTRACT
           *
第 1 行出现错误:
ORA-00942: 表或视图不存在



表已创建。

DROP TABLE HR_SIJIN
           *
第 1 行出现错误:
ORA-00942: 表或视图不存在



表已创建。

DROP TABLE HR_SALARY
           *
第 1 行出现错误:
ORA-00942: 表或视图不存在



表已创建。

DROP TABLE HR_PROBATION
           *
第 1 行出现错误:
ORA-00942: 表或视图不存在



表已创建。

DROP TABLE HR_TRANSFER
           *
第 1 行出现错误:
ORA-00942: 表或视图不存在



表已创建。

DROP TABLE HR_RT
           *
第 1 行出现错误:
ORA-00942: 表或视图不存在



表已创建。


索引已创建。


索引已创建。

DROP VIEW DEPT
*
第 1 行出现错误:
ORA-00942: 表或视图不存在



视图已创建。

DROP TABLE HR_EMPREPORTDEFINE
           *
第 1 行出现错误:
ORA-00942: 表或视图不存在



表已创建。

DROP TABLE HR_EMP_Del
           *
第 1 行出现错误:
ORA-00942: 表或视图不存在



表已创建。

drop table FT
           *
第 1 行出现错误:
ORA-00942: 表或视图不存在



表已创建。


索引已创建。


索引已创建。


索引已创建。

drop table FT_RT
           *
第 1 行出现错误:
ORA-00942: 表或视图不存在



表已创建。

DROP TABLE KH_WAC
           *
第 1 行出现错误:
ORA-00942: 表或视图不存在



表已创建。

DROP TABLE KH_WBC
           *
第 1 行出现错误:
ORA-00942: 表或视图不存在



表已创建。

DROP TABLE KH_SET
           *
第 1 行出现错误:
ORA-00942: 表或视图不存在



表已创建。

DROP TABLE KH_RT
           *
第 1 行出现错误:
ORA-00942: 表或视图不存在



表已创建。

drop view v_KH
*
第 1 行出现错误:
ORA-00942: 表或视图不存在



视图已创建。

DROP TABLE HOLIDAY
           *
第 1 行出现错误:
ORA-00942: 表或视图不存在



表已创建。

DROP TABLE holidaytype
           *
第 1 行出现错误:
ORA-00942: 表或视图不存在



表已创建。

drop table TRC
           *
第 1 行出现错误:
ORA-00942: 表或视图不存在



表已创建。

DROP TABLE TRC_BOOK
           *
第 1 行出现错误:
ORA-00942: 表或视图不存在



表已创建。

DROP TABLE TRC_RECORD
           *
第 1 行出现错误:
ORA-00942: 表或视图不存在



表已创建。

DROP TABLE TRC_Room
           *
第 1 行出现错误:
ORA-00942: 表或视图不存在



表已创建。

DROP TABLE TRC_car
           *
第 1 行出现错误:
ORA-00942: 表或视图不存在



表已创建。

DROP TABLE TRC_Equipment
           *
第 1 行出现错误:
ORA-00942: 表或视图不存在



表已创建。

DROP TABLE WorkCalendar
           *
第 1 行出现错误:
ORA-00942: 表或视图不存在



表已创建。


索引已创建。


索引已创建。

DROP TABLE WorkCalendar_DTL
           *
第 1 行出现错误:
ORA-00942: 表或视图不存在



表已创建。

DROP TABLE WorkCalendar_Dtl_Ex
           *
第 1 行出现错误:
ORA-00942: 表或视图不存在



表已创建。


索引已创建。

DROP TABLE hr_DeptPost
           *
第 1 行出现错误:
ORA-00942: 表或视图不存在



表已创建。


索引已创建。

drop table Plot_PSW
           *
第 1 行出现错误:
ORA-00942: 表或视图不存在



表已创建。

HDNet函数：策略_密码强度策略

函数已创建。


表被截断。


已创建 1 行。


已创建 1 行。


已创建 1 行。


已创建 1 行。


已创建 1 行。


已创建 1 行。


已创建 1 行。


已创建 1 行。


已创建 1 行。


已创建 1 行。


已创建 1 行。


已创建 1 行。


已创建 1 行。


已创建 1 行。


已创建 1 行。


已创建 1 行。


已创建 1 行。


已创建 1 行。


已创建 1 行。


已创建 1 行。


已创建 1 行。


已创建 1 行。


已创建 1 行。


已创建 1 行。


已创建 1 行。


已创建 1 行。


已创建 1 行。


已创建 1 行。


已创建 1 行。


已创建 1 行。


已创建 1 行。


已创建 1 行。


已创建 1 行。


已创建 1 行。


已创建 1 行。


已创建 1 行。


已创建 1 行。


已创建 1 行。


已创建 1 行。


已创建 1 行。


已创建 1 行。


已创建 1 行。


已创建 1 行。


已创建 1 行。


已创建 1 行。


已创建 1 行。


已创建 1 行。


已创建 1 行。


已创建 1 行。


已创建 1 行。


已创建 1 行。


已创建 1 行。


已创建 1 行。


已创建 1 行。


已创建 1 行。


已创建 1 行。


已创建 1 行。


已创建 1 行。


已创建 1 行。


已创建 1 行。


已创建 1 行。


已创建 1 行。


已创建 1 行。


已创建 1 行。


已创建 1 行。


已创建 1 行。


已创建 1 行。


已创建 1 行。


已创建 1 行。


已创建 1 行。


已创建 1 行。


已创建 1 行。


已创建 1 行。


已创建 1 行。


已创建 1 行。


已创建 1 行。


已创建 1 行。


已创建 1 行。


已创建 1 行。


已创建 1 行。


已创建 1 行。


已创建 1 行。


已创建 1 行。


已创建 1 行。


已创建 1 行。


已创建 1 行。


已创建 1 行。


已创建 1 行。


已创建 1 行。


已创建 1 行。


已创建 1 行。


已创建 1 行。


已创建 1 行。


已创建 1 行。


已创建 1 行。


已创建 1 行。


已创建 1 行。


已创建 1 行。


已创建 1 行。


已创建 1 行。


已创建 1 行。


已创建 1 行。


已创建 1 行。


已创建 1 行。


已创建 1 行。


已创建 1 行。


已创建 1 行。


已创建 1 行。


已创建 1 行。


已创建 1 行。


已创建 1 行。


已创建 1 行。


已创建 1 行。


已创建 1 行。


已创建 1 行。


已创建 1 行。


已创建 1 行。


已创建 1 行。


已创建 1 行。


已创建 1 行。


已创建 1 行。


已创建 1 行。


已创建 1 行。


已创建 1 行。


已创建 1 行。


已创建 1 行。


已创建 1 行。


已创建 1 行。


已创建 1 行。


已创建 1 行。


已创建 1 行。


已创建 1 行。


已创建 1 行。


已创建 1 行。


已创建 1 行。


已创建 1 行。


已创建 1 行。


已创建 1 行。


已创建 1 行。


已创建 1 行。


已创建 1 行。


已创建 1 行。


已创建 1 行。


已创建 1 行。


已创建 1 行。


已创建 1 行。


已创建 1 行。


已创建 1 行。


已创建 1 行。


已创建 1 行。


已创建 1 行。


已创建 1 行。


已创建 1 行。


已创建 1 行。


已创建 1 行。


已创建 1 行。


已创建 1 行。


已创建 1 行。


已创建 1 行。


已创建 1 行。


已创建 1 行。


已创建 1 行。


已创建 1 行。


已创建 1 行。


已创建 1 行。


已创建 1 行。


已创建 1 行。


已创建 1 行。


已创建 1 行。


已创建 1 行。


已创建 1 行。


已创建 1 行。


已创建 1 行。


已创建 1 行。


已创建 1 行。


已创建 1 行。


已创建 1 行。


已创建 1 行。


已创建 1 行。


已创建 1 行。


已创建 1 行。


已创建 1 行。


已创建 1 行。


已创建 1 行。


已创建 1 行。


已创建 1 行。


已创建 1 行。


已创建 1 行。


已创建 1 行。


已创建 1 行。


已创建 1 行。


已创建 1 行。


已创建 1 行。


已创建 1 行。


已创建 1 行。


已创建 1 行。


已创建 1 行。


已创建 1 行。


已创建 1 行。


已创建 1 行。


已创建 1 行。


已创建 1 行。


已创建 1 行。


已创建 1 行。


已创建 1 行。


已创建 1 行。


已创建 1 行。


已创建 1 行。


已创建 1 行。


已创建 1 行。


已创建 1 行。


已创建 1 行。


已创建 1 行。


已创建 1 行。


已创建 1 行。


已创建 1 行。


已创建 1 行。


已创建 1 行。


已创建 1 行。


已创建 1 行。


已创建 1 行。


已创建 1 行。


已创建 1 行。


已创建 1 行。


已创建 1 行。


已创建 1 行。


已创建 1 行。


已创建 1 行。


已创建 1 行。


已创建 1 行。


已创建 1 行。


已创建 1 行。


已创建 1 行。


已创建 1 行。


已创建 1 行。


已创建 1 行。


已创建 1 行。


已创建 1 行。


已创建 1 行。


已创建 1 行。


已创建 1 行。


已创建 1 行。


已创建 1 行。


已创建 1 行。


已创建 1 行。


已创建 1 行。


已创建 1 行。


已创建 1 行。


已创建 1 行。


已创建 1 行。


已创建 1 行。


已创建 1 行。


已创建 1 行。


已创建 1 行。


已创建 1 行。


已创建 1 行。


已创建 1 行。


已创建 1 行。


已创建 1 行。


已创建 1 行。


已创建 1 行。


已创建 1 行。


已创建 1 行。


已创建 1 行。


已创建 1 行。


已创建 1 行。


已创建 1 行。


已创建 1 行。


已创建 1 行。


已创建 1 行。


已创建 1 行。


已创建 1 行。


已创建 1 行。


已创建 1 行。


已创建 1 行。


已创建 1 行。


已创建 1 行。


已创建 1 行。


已创建 1 行。


已创建 1 行。


已创建 1 行。


已创建 1 行。


已创建 1 行。


已创建 1 行。


已创建 1 行。


已创建 1 行。


已创建 1 行。


已创建 1 行。


已创建 1 行。


已创建 1 行。


已创建 1 行。


已创建 1 行。


已创建 1 行。


已创建 1 行。


已创建 1 行。


已创建 1 行。


已创建 1 行。


已创建 1 行。


已创建 1 行。


已创建 1 行。


已创建 1 行。


已创建 1 行。


已创建 1 行。


已创建 1 行。


已创建 1 行。


已创建 1 行。


已创建 1 行。


已创建 1 行。


已创建 1 行。


已创建 1 行。


已创建 1 行。


已创建 1 行。


已创建 1 行。


已创建 1 行。


已创建 1 行。


已创建 1 行。


已创建 1 行。


已创建 1 行。


已创建 1 行。


已创建 1 行。


已创建 1 行。


已创建 1 行。


已创建 1 行。


已创建 1 行。


已创建 1 行。


已创建 1 行。


已创建 1 行。


已创建 1 行。


已创建 1 行。


已创建 1 行。


已创建 1 行。


已创建 1 行。


已创建 1 行。


已创建 1 行。


已创建 1 行。


已创建 1 行。


已创建 1 行。


已创建 1 行。


已创建 1 行。


已创建 1 行。


已创建 1 行。


已创建 1 行。


已创建 1 行。


已创建 1 行。


已创建 1 行。


已创建 1 行。


已创建 1 行。


已创建 1 行。


已创建 1 行。


已创建 1 行。


已创建 1 行。


已创建 1 行。


已创建 1 行。


已创建 1 行。


已创建 1 行。


已创建 1 行。


已创建 1 行。


已创建 1 行。


已创建 1 行。


已创建 1 行。


已创建 1 行。


已创建 1 行。


已创建 1 行。


已创建 1 行。


已创建 1 行。


已创建 1 行。


已创建 1 行。


已创建 1 行。


已创建 1 行。


已创建 1 行。


已创建 1 行。


已创建 1 行。


已创建 1 行。


已创建 1 行。


已创建 1 行。


已创建 1 行。


已创建 1 行。


已创建 1 行。


已创建 1 行。


已创建 1 行。


已创建 1 行。


已创建 1 行。


已创建 1 行。


已创建 1 行。


已创建 1 行。


已创建 1 行。


已创建 1 行。


已创建 1 行。


已创建 1 行。


已创建 1 行。


已创建 1 行。


已创建 1 行。


已创建 1 行。


已创建 1 行。


已创建 1 行。


已创建 1 行。


已创建 1 行。


已创建 1 行。


已创建 1 行。


已创建 1 行。


已创建 1 行。


已创建 1 行。


已创建 1 行。


已创建 1 行。


已创建 1 行。


已创建 1 行。


提交完成。


已删除0行。


已创建 1 行。


已删除0行。


已创建 1 行。


已删除0行。


已创建 1 行。


已删除0行。


已创建 1 行。


已创建 1 行。


已创建 1 行。


已创建 1 行。


已创建 1 行。


已创建 1 行。


已创建 1 行。


已创建 1 行。


已创建 1 行。


已创建 1 行。


已创建 1 行。


已创建 1 行。


已创建 1 行。


已创建 1 行。


已创建 1 行。


已创建 1 行。


已创建 1 行。


已创建 1 行。


已创建 1 行。


已创建 1 行。


已创建 1 行。


已创建 1 行。


已创建 1 行。


已创建 1 行。


已创建 1 行。


已创建 1 行。


已创建 1 行。


已创建 1 行。


已删除0行。


已创建 1 行。


已删除0行。


已创建 1 行。


已删除0行。


已创建 1 行。


已删除0行。


已创建28行。


已删除0行。


已创建 1 行。


已创建 1 行。


已创建 1 行。


已删除0行。


已创建 1 行。


已创建 1 行。


已创建 1 行。


已删除0行。


已创建 1 行。


已创建 1 行。


已创建 1 行。


已删除0行。


已创建 1 行。


已创建 1 行。


已删除0行。


已删除0行。


已删除0行。


已删除0行。


已创建 1 行。


已创建17行。


已创建28行。


已创建17行。


已创建28行。


已创建 1 行。


已创建 1 行。


提交完成。


已删除0行。


已删除0行。


已删除0行。


已创建 1 行。


已创建 1 行。


已创建91行。


已创建25行。


已创建29行。


已创建14行。


已创建35行。


已创建31行。


已创建26行。


已创建34行。


已创建38行。


已创建11行。


已创建13行。


已创建8行。


提交完成。


已删除0行。


已删除0行。


已删除0行。


已删除0行。


已创建 1 行。


已创建 1 行。


已创建 1 行。


已创建 1 行。


已创建 1 行。


已创建 1 行。


提交完成。


已删除0行。


已删除0行。


已删除0行。


已删除0行。


已删除0行。


已创建 1 行。


已创建 1 行。


已创建 1 行。


已创建 1 行。


已更新 1 行。


已创建2行。


已创建16行。


已创建16行。


已创建355行。


已创建355行。


已删除0行。


已创建4行。


已删除0行。


已创建 1 行。


已创建 1 行。


已创建 1 行。


已更新 1 行。


已创建65行。


已创建60行。


已创建65行。


已创建60行。


已删除0行。


已删除0行。


已创建 1 行。


已创建 1 行。


已创建 1 行。


提交完成。

drop table WF_Standard_Qingjia
           *
第 1 行出现错误:
ORA-00942: 表或视图不存在



表已创建。


索引已创建。


索引已创建。


索引已创建。


索引已创建。


索引已创建。

drop table WF_Standard_Qingjia_Approver
           *
第 1 行出现错误:
ORA-00942: 表或视图不存在



表已创建。

drop table Wf_Standard_Common
           *
第 1 行出现错误:
ORA-00942: 表或视图不存在



表已创建。


索引已创建。


索引已创建。

drop table WF_Standard_Common_Approver
           *
第 1 行出现错误:
ORA-00942: 表或视图不存在



表已创建。

drop table WF_Standard_Common_Affirmant
           *
第 1 行出现错误:
ORA-00942: 表或视图不存在



表已创建。

drop table WF_Standard_Common_Attach
           *
第 1 行出现错误:
ORA-00942: 表或视图不存在



表已创建。

drop table Wf_Standard_Common_H
           *
第 1 行出现错误:
ORA-00942: 表或视图不存在



表已创建。


索引已创建。


索引已创建。

drop table WF_Standard_Common_Approver_H
           *
第 1 行出现错误:
ORA-00942: 表或视图不存在



表已创建。

drop table WF_Standard_Common_Affirmant_H
           *
第 1 行出现错误:
ORA-00942: 表或视图不存在



表已创建。

drop table WF_Standard_Common_Attach_H
           *
第 1 行出现错误:
ORA-00942: 表或视图不存在



表已创建。

drop view v_Wf_Standard_Common
*
第 1 行出现错误:
ORA-00942: 表或视图不存在



视图已创建。

drop view v_WF_Standard_Common_Approver
*
第 1 行出现错误:
ORA-00942: 表或视图不存在



视图已创建。

drop view v_WF_Standard_Common_Affirmant
*
第 1 行出现错误:
ORA-00942: 表或视图不存在



视图已创建。

drop view v_WF_Standard_Common_Attach
*
第 1 行出现错误:
ORA-00942: 表或视图不存在



视图已创建。

drop table Wf_Standard_ChuChai
           *
第 1 行出现错误:
ORA-00942: 表或视图不存在



表已创建。


索引已创建。


索引已创建。


索引已创建。

drop table Wf_Standard_Out
           *
第 1 行出现错误:
ORA-00942: 表或视图不存在



表已创建。


索引已创建。


索引已创建。


索引已创建。

drop table Wf_Standard_BaoXiao
           *
第 1 行出现错误:
ORA-00942: 表或视图不存在



表已创建。


函数已创建。


函数已创建。


函数已创建。


PL/SQL 过程已成功完成。


提交完成。


PL/SQL 过程已成功完成。


提交完成。


PL/SQL 过程已成功完成。


PL/SQL 过程已成功完成。


PL/SQL 过程已成功完成。


函数已创建。


已删除0行。


已删除0行。


已创建 1 行。


已创建 1 行。


已创建 1 行。


已创建 1 行。


已创建 1 行。


已删除0行。


已删除0行。


已删除0行。


已删除0行。


已删除0行。


已删除0行。


已创建 1 行。


已创建 1 行。


已创建 1 行。


已创建 1 行。


已创建 1 行。


已创建 1 行。


已创建 1 行。


已创建 1 行。


已创建 1 行。


已删除0行。


已删除0行。


已创建 1 行。


已创建 1 行。


已删除0行。


已创建 1 行。


已创建 1 行。


已删除0行。


已删除0行。


已删除0行。


已创建 1 行。


已创建 1 行。


已创建 1 行。


已创建 1 行。


已创建 1 行。


已创建 1 行。


已创建 1 行。


已创建 1 行。


已创建 1 行。


已创建 1 行。


已创建 1 行。


已创建 1 行。


已创建 1 行。


已创建 1 行。


已创建 1 行。


已创建15行。


已创建15行。


已删除0行。


已创建 1 行。


已删除0行。


已删除0行。


已创建 1 行。


已创建 1 行。


已创建 1 行。


已创建3行。


已创建3行。


提交完成。


PL/SQL 过程已成功完成。

从 Oracle9i Enterprise Edition Release 9.2.0.1.0 - Production
With the Partitioning, OLAP and Oracle Data Mining options
JServer Release 9.2.0.1.0 - Production 断开
